# JRE version: OpenJDK Runtime Environment Temurin-21.0.12.1+1 (21.0.12.1+1) (build 21.0.12.1+1-LTS)
# Java VM: OpenJDK 64-Bit Server VM Temurin-21.0.12.1+1 (21.0.12.1+1-LTS, mixed mode, sharing, tiered, compressed oops, compressed class ptrs, g1 gc, windows-amd64)
GC Precious Log:
 CardTable entry size: 512
 Card Set container configuration: InlinePtr #cards 5 size 8 Array Of Cards #cards 12 size 40 Howl #buckets 4 coarsen threshold 1843 Howl Bitmap #cards 512 size 80 coarsen threshold 460 Card regions per heap region 1 cards per card region 2048
 CPUs: 12 total, 12 available
 Memory: 14173M
 Large Page Support: Disabled
 NUMA Support: Disabled
 Compressed Oops: Enabled (32-bit)
 Heap Region Size: 1M
 Heap Min Capacity: 256M
 Heap Initial Capacity: 256M
 Heap Max Capacity: 512M
 Pre-touch: Disabled
 Parallel Workers: 10
 Concurrent Workers: 3
 Concurrent Refinement Workers: 10
 Periodic GC: Disabled
Heap:
 garbage-first heap   total 262144K, used 39169K [0x00000000e0000000, 0x0000000100000000)
  region size 1024K, 17 young (17408K), 3 survivors (3072K)
 Metaspace       used 22463K, committed 23104K, reserved 393216K
  class space    used 3253K, committed 3584K, reserved 327680K
GC Heap History (8 events):
Event: 16.038 GC heap before
{Heap before GC invocations=0 (full 0):
 garbage-first heap   total 262144K, used 26624K [0x00000000e0000000, 0x0000000100000000)
  region size 1024K, 23 young (23552K), 0 survivors (0K)
 Metaspace       used 2909K, committed 3072K, reserved 393216K
  class space    used 345K, committed 384K, reserved 327680K
}
Event: 16.078 GC heap after
{Heap after GC invocations=1 (full 0):
 garbage-first heap   total 262144K, used 11146K [0x00000000e0000000, 0x0000000100000000)
  region size 1024K, 3 young (3072K), 3 survivors (3072K)
 Metaspace       used 2909K, committed 3072K, reserved 393216K
  class space    used 345K, committed 384K, reserved 327680K
}
Event: 31.635 GC heap before
{Heap before GC invocations=1 (full 0):
 garbage-first heap   total 262144K, used 40842K [0x00000000e0000000, 0x0000000100000000)
  region size 1024K, 31 young (31744K), 3 survivors (3072K)
 Metaspace       used 4670K, committed 4864K, reserved 393216K
  class space    used 593K, committed 704K, reserved 327680K
}
Event: 31.642 GC heap after
{Heap after GC invocations=2 (full 0):
 garbage-first heap   total 262144K, used 15497K [0x00000000e0000000, 0x0000000100000000)
  region size 1024K, 3 young (3072K), 3 survivors (3072K)
 Metaspace       used 4670K, committed 4864K, reserved 393216K
  class space    used 593K, committed 704K, reserved 327680K
}
Event: 60.168 GC heap before
{Heap before GC invocations=2 (full 0):
 garbage-first heap   total 262144K, used 94345K [0x00000000e0000000, 0x0000000100000000)
  region size 1024K, 80 young (81920K), 3 survivors (3072K)
 Metaspace       used 16703K, committed 17152K, reserved 393216K
  class space    used 2302K, committed 2496K, reserved 327680K
}
Event: 60.684 GC heap after
{Heap after GC invocations=3 (full 0):
 garbage-first heap   total 262144K, used 23088K [0x00000000e0000000, 0x0000000100000000)
  region size 1024K, 10 young (10240K), 10 survivors (10240K)
 Metaspace       used 16703K, committed 17152K, reserved 393216K
  class space    used 2302K, committed 2496K, reserved 327680K
}
Event: 62.590 GC heap before
{Heap before GC invocations=3 (full 0):
 garbage-first heap   total 262144K, used 52784K [0x00000000e0000000, 0x0000000100000000)
  region size 1024K, 41 young (41984K), 10 survivors (10240K)
 Metaspace       used 20890K, committed 21504K, reserved 393216K
  class space    used 3001K, committed 3328K, reserved 327680K
}
Event: 62.599 GC heap after
{Heap after GC invocations=4 (full 0):
 garbage-first heap   total 262144K, used 25857K [0x00000000e0000000, 0x0000000100000000)
  region size 1024K, 3 young (3072K), 3 survivors (3072K)
 Metaspace       used 20890K, committed 21504K, reserved 393216K
  class space    used 3001K, committed 3328K, reserved 327680K
}

